[debug] [2019-11-18T22:50:55.522Z] ----------------------------------------------------------------------
[debug] [2019-11-18T22:50:55.524Z] Command:       C:\Program Files\nodejs\node.exe C:\Users\bookw\AppData\Roaming\npm\node_modules\firebase-tools\lib\bin\firebase.js deploy
[debug] [2019-11-18T22:50:55.525Z] CLI Version:   7.7.0
[debug] [2019-11-18T22:50:55.525Z] Platform:      win32
[debug] [2019-11-18T22:50:55.525Z] Node Version:  v10.16.3
[debug] [2019-11-18T22:50:55.526Z] Time:          Mon Nov 18 2019 17:50:55 GMT-0500 (Eastern Standard Time)
[debug] [2019-11-18T22:50:55.526Z] ----------------------------------------------------------------------
[debug] [2019-11-18T22:50:55.526Z] 
[debug] [2019-11-18T22:50:55.540Z] > command requires scopes: ["email","openid","https://www.googleapis.com/auth/cloudplatformprojects.readonly","https://www.googleapis.com/auth/firebase","https://www.googleapis.com/auth/cloud-platform"]
[debug] [2019-11-18T22:50:55.541Z] > authorizing via signed-in user
[debug] [2019-11-18T22:50:55.541Z] [iam] checking project redditcloneproj-ae2b4 for permissions ["cloudfunctions.functions.create","cloudfunctions.functions.delete","cloudfunctions.functions.get","cloudfunctions.functions.list","cloudfunctions.functions.update","cloudfunctions.operations.get","firebase.projects.get","firebasedatabase.instances.update","firebasehosting.sites.update"]
[debug] [2019-11-18T22:50:55.543Z] > refreshing access token with scopes: ["email","https://www.googleapis.com/auth/cloud-platform","https://www.googleapis.com/auth/cloudplatformprojects.readonly","https://www.googleapis.com/auth/firebase","openid"]
[debug] [2019-11-18T22:50:55.544Z] >>> HTTP REQUEST POST https://www.googleapis.com/oauth2/v3/token  
 <request body omitted>
[debug] [2019-11-18T22:50:55.708Z] <<< HTTP RESPONSE 200
[debug] [2019-11-18T22:50:55.714Z] >>> HTTP REQUEST POST https://cloudresourcemanager.googleapis.com/v1/projects/redditcloneproj-ae2b4:testIamPermissions  

[debug] [2019-11-18T22:50:55.928Z] <<< HTTP RESPONSE 200
[debug] [2019-11-18T22:50:55.930Z] >>> HTTP REQUEST GET https://firebase.googleapis.com/v1beta1/projects/redditcloneproj-ae2b4  
 
[debug] [2019-11-18T22:50:56.512Z] <<< HTTP RESPONSE 200
[info] 
[info] === Deploying to 'redditcloneproj-ae2b4'...
[info] 
[info] i  deploying database, functions, hosting
[info] Running command: npm --prefix "$RESOURCE_DIR" run lint
[info] Running command: npm --prefix "$RESOURCE_DIR" run build
[info] +  functions: Finished running predeploy script.
[info] i  database: checking rules syntax...
[debug] [2019-11-18T22:51:09.138Z] >>> HTTP REQUEST PUT https://redditcloneproj-ae2b4.firebaseio.com/.settings/rules.json?dryRun=true  
 {
  "rules": {
    ".read": true,
    ".write": true
  }
}

[debug] [2019-11-18T22:51:09.372Z] <<< HTTP RESPONSE 200
[info] +  database: rules syntax for database redditcloneproj-ae2b4 is valid
[debug] [2019-11-18T22:51:09.375Z] > [functions] package.json contents: {
  "name": "functions",
  "scripts": {
    "lint": "tslint --project tsconfig.json",
    "build": "tsc",
    "serve": "npm run build && firebase serve --only functions",
    "shell": "npm run build && firebase functions:shell",
    "start": "npm run shell",
    "deploy": "firebase deploy --only functions",
    "logs": "firebase functions:log"
  },
  "engines": {
    "node": "8"
  },
  "main": "lib/index.js",
  "dependencies": {
    "firebase-admin": "^8.6.0",
    "firebase-functions": "^3.3.0"
  },
  "devDependencies": {
    "tslint": "^5.12.0",
    "typescript": "^3.2.2",
    "firebase-functions-test": "^0.1.6"
  },
  "private": true
}
[info] i  functions: ensuring necessary APIs are enabled...
[debug] [2019-11-18T22:51:09.382Z] >>> HTTP REQUEST GET https://serviceusage.googleapis.com/v1/projects/redditcloneproj-ae2b4/services/cloudfunctions.googleapis.com  
 
[debug] [2019-11-18T22:51:09.383Z] >>> HTTP REQUEST GET https://serviceusage.googleapis.com/v1/projects/redditcloneproj-ae2b4/services/runtimeconfig.googleapis.com  
 
[debug] [2019-11-18T22:51:09.744Z] <<< HTTP RESPONSE 200
[debug] [2019-11-18T22:51:09.752Z] <<< HTTP RESPONSE 200
[info] +  functions: all necessary APIs are enabled
[debug] [2019-11-18T22:51:09.784Z] >>> HTTP REQUEST GET https://firebase.googleapis.com/v1beta1/projects/redditcloneproj-ae2b4/adminSdkConfig  
 
[debug] [2019-11-18T22:51:10.080Z] <<< HTTP RESPONSE 200
[debug] [2019-11-18T22:51:10.082Z] >>> HTTP REQUEST POST https://firebasehosting.googleapis.com/v1beta1/sites/redditcloneproj-ae2b4/versions  

[debug] [2019-11-18T22:51:11.171Z] <<< HTTP RESPONSE 200
[info] i  functions: preparing functions directory for uploading...
[debug] [2019-11-18T22:51:11.174Z] >>> HTTP REQUEST GET https://runtimeconfig.googleapis.com/v1beta1/projects/redditcloneproj-ae2b4/configs  
 
[debug] [2019-11-18T22:51:11.385Z] <<< HTTP RESPONSE 200
[info] i  functions: packaged functions (31.07 KB) for uploading
[debug] [2019-11-18T22:51:11.704Z] >>> HTTP REQUEST POST https://cloudfunctions.googleapis.com/v1/projects/redditcloneproj-ae2b4/locations/us-central1/functions:generateUploadUrl  
 
[debug] [2019-11-18T22:51:12.239Z] <<< HTTP RESPONSE 200
[debug] [2019-11-18T22:51:12.239Z] >>> HTTP REQUEST PUT https://storage.googleapis.com/gcf-upload-us-central1-d9c28d0d-c521-498e-b6f0-d4ff639a9c37/18f1843e-691d-46f9-85da-69bb0148cf02.zip?GoogleAccessId=service-224055038964@gcf-admin-robot.iam.gserviceaccount.com&Expires=1574119272&Signature=uYGDYwP%2BsaOXvLJX4J2Rf1QRhZQ1SRaFTln%2F7PTWnQx2sl2Qyx5dXfA6DkA4VhiK2mysoE%2BAT8PnuY9gRndqL06a2VdwJ5sgnOVZ%2BBaH8Lj1c4K94cUri1S4j%2FU6LS9ippCaFoT0EuzSfLIwaNBJSKteAsXi6%2FgUYKzVMbKp89GF6Abx2bRDQgfr9oT%2Fp5aio1uaK0OcCXjp05UaCz1haErzCejWg%2BAFC25YY5%2B8f54NVp6C3CPfL5aF6IFYWfLUdKwMW2IVVpQLQShvl4H3EZJI9qikKDnldvaJd0JyLQxIQvdolDKjVl%2BRajkmX0Zkfqp%2BxxeI0WaOavcn4OCYxA%3D%3D  
 <request body omitted>
[debug] [2019-11-18T22:51:12.484Z] <<< HTTP RESPONSE 200
[info] +  functions: functions folder uploaded successfully
[info] i  hosting[redditcloneproj-ae2b4]: beginning deploy...
[info] i  hosting[redditcloneproj-ae2b4]: found 26 files in dist/angularfirebase-authentication
[debug] [2019-11-18T22:51:12.512Z] [hosting] hash cache [ZGlzdFxhbmd1bGFyZmlyZWJhc2UtYXV0aGVudGljYXRpb24] stored for 26 files
[debug] [2019-11-18T22:51:12.512Z] [hosting][hash queue][FINAL]
[debug] [2019-11-18T22:51:12.512Z] >>> HTTP REQUEST POST https://firebasehosting.googleapis.com/v1beta1/sites/redditcloneproj-ae2b4/versions/c2e8d8cbd916b103:populateFiles  
 <request body omitted>
[debug] [2019-11-18T22:51:13.873Z] <<< HTTP RESPONSE 200
[debug] [2019-11-18T22:51:13.874Z] [hosting][populate queue][FINAL]
[debug] [2019-11-18T22:51:13.874Z] [hosting] uploads queued: 0
[debug] [2019-11-18T22:51:13.874Z] [hosting][upload queue][FINAL]
[info] +  hosting[redditcloneproj-ae2b4]: file upload complete
[debug] [2019-11-18T22:51:13.876Z] [hosting] deploy completed after 1390ms
[info] i  database: releasing rules...
[debug] [2019-11-18T22:51:13.956Z] >>> HTTP REQUEST PUT https://redditcloneproj-ae2b4.firebaseio.com/.settings/rules.json  
 {
  "rules": {
    ".read": true,
    ".write": true
  }
}

[debug] [2019-11-18T22:51:14.325Z] <<< HTTP RESPONSE 200
[info] +  database: rules for database redditcloneproj-ae2b4 released successfully
[debug] [2019-11-18T22:51:14.328Z] >>> HTTP REQUEST GET https://cloudfunctions.googleapis.com/v1/projects/redditcloneproj-ae2b4/locations/-/functions  
 
[debug] [2019-11-18T22:51:14.874Z] <<< HTTP RESPONSE 200
[info] i  functions: updating Node.js 8 function helloWorld(us-central1)...
[debug] [2019-11-18T22:51:14.877Z] Trigger is:  {"httpsTrigger":{}}
[info] 
The following functions are found in your project but do not exist in your local source code:
	makeTopic(us-central1)

If you are renaming a function or changing its region, it is recommended that you create the new function first before deleting the old one to prevent event loss. For more info, visit https://firebase.google.com/docs/functions/manage-functions#modify

